c:\users\скда\source\repos\slavasd\hashmap\hashmap\x64\debug\vc143.pdb
c:\users\скда\source\repos\slavasd\hashmap\hashmap\x64\debug\vc143.idb
c:\users\скда\source\repos\slavasd\hashmap\hashmap\x64\debug\main.obj
c:\users\скда\source\repos\slavasd\hashmap\hashmap\x64\debug\dictionarywrapper.obj
c:\users\скда\source\repos\slavasd\hashmap\hashmap\x64\debug\dictionary.obj
c:\users\скда\source\repos\slavasd\hashmap\hashmap\x64\debug\hashmap.ilk
c:\users\скда\source\repos\slavasd\hashmap\x64\debug\hashmap.pdb
c:\users\скда\source\repos\slavasd\hashmap\hashmap\x64\debug\hashmap.tlog\cl.command.1.tlog
c:\users\скда\source\repos\slavasd\hashmap\hashmap\x64\debug\hashmap.tlog\cl.items.tlog
c:\users\скда\source\repos\slavasd\hashmap\hashmap\x64\debug\hashmap.tlog\cl.read.1.tlog
c:\users\скда\source\repos\slavasd\hashmap\hashmap\x64\debug\hashmap.tlog\cl.write.1.tlog
c:\users\скда\source\repos\slavasd\hashmap\hashmap\x64\debug\hashmap.tlog\link-cvtres.read.1.tlog
c:\users\скда\source\repos\slavasd\hashmap\hashmap\x64\debug\hashmap.tlog\link-cvtres.write.1.tlog
c:\users\скда\source\repos\slavasd\hashmap\hashmap\x64\debug\hashmap.tlog\link-rc.read.1.tlog
c:\users\скда\source\repos\slavasd\hashmap\hashmap\x64\debug\hashmap.tlog\link-rc.write.1.tlog
c:\users\скда\source\repos\slavasd\hashmap\hashmap\x64\debug\hashmap.tlog\link.25540-cvtres.read.1.tlog
c:\users\скда\source\repos\slavasd\hashmap\hashmap\x64\debug\hashmap.tlog\link.25540-cvtres.write.1.tlog
c:\users\скда\source\repos\slavasd\hashmap\hashmap\x64\debug\hashmap.tlog\link.25540-rc.read.1.tlog
c:\users\скда\source\repos\slavasd\hashmap\hashmap\x64\debug\hashmap.tlog\link.25540-rc.write.1.tlog
c:\users\скда\source\repos\slavasd\hashmap\hashmap\x64\debug\hashmap.tlog\link.25540.read.1.tlog
c:\users\скда\source\repos\slavasd\hashmap\hashmap\x64\debug\hashmap.tlog\link.25540.read.2.tlog
c:\users\скда\source\repos\slavasd\hashmap\hashmap\x64\debug\hashmap.tlog\link.25540.write.1.tlog
c:\users\скда\source\repos\slavasd\hashmap\hashmap\x64\debug\hashmap.tlog\link.command.1.tlog
c:\users\скда\source\repos\slavasd\hashmap\hashmap\x64\debug\hashmap.tlog\link.read.1.tlog
c:\users\скда\source\repos\slavasd\hashmap\hashmap\x64\debug\hashmap.tlog\link.read.2.tlog
c:\users\скда\source\repos\slavasd\hashmap\hashmap\x64\debug\hashmap.tlog\link.read.3.tlog
c:\users\скда\source\repos\slavasd\hashmap\hashmap\x64\debug\hashmap.tlog\link.secondary.1.tlog
c:\users\скда\source\repos\slavasd\hashmap\hashmap\x64\debug\hashmap.tlog\link.write.1.tlog
