c:\users\скда\source\repos\datastructureslab\lab2\laboratory_2_list\laborato.4f47a885\x64\debug\vc143.pdb
c:\users\скда\source\repos\datastructureslab\lab2\laboratory_2_list\laborato.4f47a885\x64\debug\vc143.idb
c:\users\скда\source\repos\datastructureslab\lab2\laboratory_2_list\laborato.4f47a885\x64\debug\main.obj
c:\users\скда\source\repos\datastructureslab\lab2\laboratory_2_list\laborato.4f47a885\x64\debug\list.obj
c:\users\скда\source\repos\datastructureslab\lab2\laboratory_2_list\laborato.4f47a885\x64\debug\listitem.obj
c:\users\скда\source\repos\datastructureslab\lab2\laboratory_2_list\x64\debug\laboratory_2_list.exe
c:\users\скда\source\repos\datastructureslab\lab2\laboratory_2_list\x64\debug\laboratory_2_list.pdb
c:\users\скда\source\repos\datastructureslab\lab2\laboratory_2_list\laborato.4f47a885\x64\debug\laboratory_2_list.ilk
c:\users\скда\source\repos\datastructureslab\lab2\laboratory_2_list\laborato.4f47a885\x64\debug\laboratory_2_list.vcxproj.cppwinrt_comp.rsp
c:\users\скда\source\repos\datastructureslab\lab2\laboratory_2_list\laborato.4f47a885\x64\debug\laboratory_2_list.vcxproj.cppwinrt_plat.rsp
c:\users\скда\source\repos\datastructureslab\lab2\laboratory_2_list\laborato.4f47a885\x64\debug\laboratory_2_list.vcxproj.mdmerge.rsp
c:\users\скда\source\repos\datastructureslab\lab2\laboratory_2_list\laborato.4f47a885\x64\debug\laboratory_2_list.vcxproj.midlrt.rsp
c:\users\скда\source\repos\datastructureslab\lab2\laboratory_2_list\laborato.4f47a885\x64\debug\laborato.4f47a885.tlog\cl.command.1.tlog
c:\users\скда\source\repos\datastructureslab\lab2\laboratory_2_list\laborato.4f47a885\x64\debug\laborato.4f47a885.tlog\cl.items.tlog
c:\users\скда\source\repos\datastructureslab\lab2\laboratory_2_list\laborato.4f47a885\x64\debug\laborato.4f47a885.tlog\cl.read.1.tlog
c:\users\скда\source\repos\datastructureslab\lab2\laboratory_2_list\laborato.4f47a885\x64\debug\laborato.4f47a885.tlog\cl.write.1.tlog
c:\users\скда\source\repos\datastructureslab\lab2\laboratory_2_list\laborato.4f47a885\x64\debug\laborato.4f47a885.tlog\link.command.1.tlog
c:\users\скда\source\repos\datastructureslab\lab2\laboratory_2_list\laborato.4f47a885\x64\debug\laborato.4f47a885.tlog\link.read.1.tlog
c:\users\скда\source\repos\datastructureslab\lab2\laboratory_2_list\laborato.4f47a885\x64\debug\laborato.4f47a885.tlog\link.secondary.1.tlog
c:\users\скда\source\repos\datastructureslab\lab2\laboratory_2_list\laborato.4f47a885\x64\debug\laborato.4f47a885.tlog\link.write.1.tlog
